<?xml version="1.0" encoding="UTF-8"?>
<!-- Generated by org.testng.reporters.JUnitXMLReporter -->
<testsuite ignored="16" hostname="UPENDAR1998" failures="0" tests="7" name="Test1" time="161.807" errors="0" timestamp="2023-04-04T15:48:28 IST">
  <testcase classname="contacts_Tests.CreateContact_with_OrganizationTest" name="createContactWith_Organization" time="32.211"/>
  <testcase classname="contacts_Tests.Create_Contact_Test" name="createContact" time="14.692"/>
  <testcase classname="organization_Tests.Create_OrganizationTest" name="createOrganization" time="15.163"/>
  <testcase classname="organization_Tests.Create_OrganizationTest" name="sampleTest" time="0.002"/>
  <testcase classname="organization_Tests.Create_OrgWithIndustry_TypeTest" name="createOrganizationWith_IndustryType" time="15.726"/>
  <testcase classname="organization_Tests.CreateOrganizationWith_IndustryTest" name="createOrganization_WithIndustry" time="15.714"/>
  <testcase classname="organization_Tests.CreateOrganizationWith_IndustryTest" name="demoScript" time="0.0"/>
  <testcase classname="generic_Utilities.BaseClass" name="@AfterTest AfterTest" time="0.0">
    <ignored/>
  </testcase> <!-- @AfterTest AfterTest -->
  <testcase classname="generic_Utilities.BaseClass" name="@AfterTest AfterTest" time="0.0">
    <ignored/>
  </testcase> <!-- @AfterTest AfterTest -->
  <testcase classname="generic_Utilities.BaseClass" name="@AfterTest AfterTest" time="0.0">
    <ignored/>
  </testcase> <!-- @AfterTest AfterTest -->
  <testcase classname="generic_Utilities.BaseClass" name="@AfterTest AfterTest" time="0.0">
    <ignored/>
  </testcase> <!-- @AfterTest AfterTest -->
  <testcase classname="generic_Utilities.BaseClass" name="@BeforeTest BeforeTest" time="0.0">
    <ignored/>
  </testcase> <!-- @BeforeTest BeforeTest -->
  <testcase classname="generic_Utilities.BaseClass" name="@BeforeTest BeforeTest" time="0.0">
    <ignored/>
  </testcase> <!-- @BeforeTest BeforeTest -->
  <testcase classname="generic_Utilities.BaseClass" name="@BeforeTest BeforeTest" time="0.0">
    <ignored/>
  </testcase> <!-- @BeforeTest BeforeTest -->
  <testcase classname="generic_Utilities.BaseClass" name="@BeforeTest BeforeTest" time="0.0">
    <ignored/>
  </testcase> <!-- @BeforeTest BeforeTest -->
  <testcase classname="generic_Utilities.BaseClass" name="@BeforeSuite BeforeSuite" time="0.0">
    <ignored/>
  </testcase> <!-- @BeforeSuite BeforeSuite -->
  <testcase classname="generic_Utilities.BaseClass" name="@BeforeSuite BeforeSuite" time="0.0">
    <ignored/>
  </testcase> <!-- @BeforeSuite BeforeSuite -->
  <testcase classname="generic_Utilities.BaseClass" name="@BeforeSuite BeforeSuite" time="0.0">
    <ignored/>
  </testcase> <!-- @BeforeSuite BeforeSuite -->
  <testcase classname="generic_Utilities.BaseClass" name="@BeforeSuite BeforeSuite" time="0.0">
    <ignored/>
  </testcase> <!-- @BeforeSuite BeforeSuite -->
  <testcase classname="generic_Utilities.BaseClass" name="@AfterSuite AfterSuite" time="0.0">
    <ignored/>
  </testcase> <!-- @AfterSuite AfterSuite -->
  <testcase classname="generic_Utilities.BaseClass" name="@AfterSuite AfterSuite" time="0.0">
    <ignored/>
  </testcase> <!-- @AfterSuite AfterSuite -->
  <testcase classname="generic_Utilities.BaseClass" name="@AfterSuite AfterSuite" time="0.0">
    <ignored/>
  </testcase> <!-- @AfterSuite AfterSuite -->
  <testcase classname="generic_Utilities.BaseClass" name="@AfterSuite AfterSuite" time="0.0">
    <ignored/>
  </testcase> <!-- @AfterSuite AfterSuite -->
</testsuite> <!-- Test1 -->
