<?xml version="1.0" encoding="UTF-8"?>
<testng-results ignored="0" total="1" passed="1" failed="0" skipped="0">
  <reporter-output>
  </reporter-output>
  <suite started-at="2023-04-04T19:25:22 IST" name="Suite" finished-at="2023-04-04T19:25:22 IST" duration-ms="126">
    <groups>
    </groups>
    <test started-at="2023-04-04T19:25:22 IST" name="Test" finished-at="2023-04-04T19:25:22 IST" duration-ms="126">
      <class name="practice.ReadDataFromCmdLine">
        <test-method signature="readData()[pri:0, instance:practice.ReadDataFromCmdLine@59fd97a8]" started-at="2023-04-04T19:25:22 IST" name="readData" finished-at="2023-04-04T19:25:22 IST" duration-ms="32" status="PASS">
          <reporter-output>
          </reporter-output>
        </test-method> <!-- readData -->
      </class> <!-- practice.ReadDataFromCmdLine -->
    </test> <!-- Test -->
  </suite> <!-- Suite -->
</testng-results>
